Performing C SOURCE FILE Test CMAKE_HAVE_LIBC_PTHREAD failed with the following output:
Change Dir: /home/yu/Ros_diy/build/CMakeFiles/CMakeTmp

<<<<<<< HEAD
=======
<<<<<<< HEAD
>>>>>>> “add_py_sub_pub”
Run Build Command(s):/usr/bin/make -f Makefile cmTC_a4336/fast && /usr/bin/make  -f CMakeFiles/cmTC_a4336.dir/build.make CMakeFiles/cmTC_a4336.dir/build
make[1]: Entering directory '/home/yu/Ros_diy/build/CMakeFiles/CMakeTmp'
Building C object CMakeFiles/cmTC_a4336.dir/src.c.o
/usr/bin/cc -DCMAKE_HAVE_LIBC_PTHREAD   -o CMakeFiles/cmTC_a4336.dir/src.c.o -c /home/yu/Ros_diy/build/CMakeFiles/CMakeTmp/src.c
Linking C executable cmTC_a4336
/opt/cmake-3.23.0/bin/cmake -E cmake_link_script CMakeFiles/cmTC_a4336.dir/link.txt --verbose=1
/usr/bin/cc -rdynamic CMakeFiles/cmTC_a4336.dir/src.c.o -o cmTC_a4336 
CMakeFiles/cmTC_a4336.dir/src.c.o: In function `main':
<<<<<<< HEAD
=======
=======
Run Build Command(s):/usr/bin/make -f Makefile cmTC_4d199/fast && /usr/bin/make  -f CMakeFiles/cmTC_4d199.dir/build.make CMakeFiles/cmTC_4d199.dir/build
make[1]: Entering directory '/home/yu/Ros_diy/build/CMakeFiles/CMakeTmp'
Building C object CMakeFiles/cmTC_4d199.dir/src.c.o
/usr/bin/cc -DCMAKE_HAVE_LIBC_PTHREAD   -o CMakeFiles/cmTC_4d199.dir/src.c.o -c /home/yu/Ros_diy/build/CMakeFiles/CMakeTmp/src.c
Linking C executable cmTC_4d199
/opt/cmake-3.23.0/bin/cmake -E cmake_link_script CMakeFiles/cmTC_4d199.dir/link.txt --verbose=1
/usr/bin/cc -rdynamic CMakeFiles/cmTC_4d199.dir/src.c.o -o cmTC_4d199 
CMakeFiles/cmTC_4d199.dir/src.c.o: In function `main':
>>>>>>> cpp_py_topic_update
>>>>>>> “add_py_sub_pub”
src.c:(.text+0x3e): undefined reference to `pthread_create'
src.c:(.text+0x4a): undefined reference to `pthread_detach'
src.c:(.text+0x56): undefined reference to `pthread_cancel'
src.c:(.text+0x67): undefined reference to `pthread_join'
src.c:(.text+0x7b): undefined reference to `pthread_atfork'
collect2: error: ld returned 1 exit status
<<<<<<< HEAD
=======
<<<<<<< HEAD
>>>>>>> “add_py_sub_pub”
CMakeFiles/cmTC_a4336.dir/build.make:98: recipe for target 'cmTC_a4336' failed
make[1]: *** [cmTC_a4336] Error 1
make[1]: Leaving directory '/home/yu/Ros_diy/build/CMakeFiles/CMakeTmp'
Makefile:127: recipe for target 'cmTC_a4336/fast' failed
make: *** [cmTC_a4336/fast] Error 2
<<<<<<< HEAD
=======
=======
CMakeFiles/cmTC_4d199.dir/build.make:98: recipe for target 'cmTC_4d199' failed
make[1]: *** [cmTC_4d199] Error 1
make[1]: Leaving directory '/home/yu/Ros_diy/build/CMakeFiles/CMakeTmp'
Makefile:127: recipe for target 'cmTC_4d199/fast' failed
make: *** [cmTC_4d199/fast] Error 2
>>>>>>> cpp_py_topic_update
>>>>>>> “add_py_sub_pub”


Source file was:
#include <pthread.h>

static void* test_func(void* data)
{
  return data;
}

int main(void)
{
  pthread_t thread;
  pthread_create(&thread, NULL, test_func, NULL);
  pthread_detach(thread);
  pthread_cancel(thread);
  pthread_join(thread, NULL);
  pthread_atfork(NULL, NULL, NULL);
  pthread_exit(NULL);

  return 0;
}

Determining if the function pthread_create exists in the pthreads failed with the following output:
Change Dir: /home/yu/Ros_diy/build/CMakeFiles/CMakeTmp

<<<<<<< HEAD
=======
<<<<<<< HEAD
>>>>>>> “add_py_sub_pub”
Run Build Command(s):/usr/bin/make -f Makefile cmTC_01c36/fast && /usr/bin/make  -f CMakeFiles/cmTC_01c36.dir/build.make CMakeFiles/cmTC_01c36.dir/build
make[1]: Entering directory '/home/yu/Ros_diy/build/CMakeFiles/CMakeTmp'
Building C object CMakeFiles/cmTC_01c36.dir/CheckFunctionExists.c.o
/usr/bin/cc   -DCHECK_FUNCTION_EXISTS=pthread_create -o CMakeFiles/cmTC_01c36.dir/CheckFunctionExists.c.o -c /opt/cmake-3.23.0/share/cmake-3.23/Modules/CheckFunctionExists.c
Linking C executable cmTC_01c36
/opt/cmake-3.23.0/bin/cmake -E cmake_link_script CMakeFiles/cmTC_01c36.dir/link.txt --verbose=1
/usr/bin/cc  -DCHECK_FUNCTION_EXISTS=pthread_create -rdynamic CMakeFiles/cmTC_01c36.dir/CheckFunctionExists.c.o -o cmTC_01c36  -lpthreads 
/usr/bin/ld: cannot find -lpthreads
collect2: error: ld returned 1 exit status
CMakeFiles/cmTC_01c36.dir/build.make:98: recipe for target 'cmTC_01c36' failed
make[1]: *** [cmTC_01c36] Error 1
make[1]: Leaving directory '/home/yu/Ros_diy/build/CMakeFiles/CMakeTmp'
Makefile:127: recipe for target 'cmTC_01c36/fast' failed
make: *** [cmTC_01c36/fast] Error 2
<<<<<<< HEAD
=======
=======
Run Build Command(s):/usr/bin/make -f Makefile cmTC_8a5af/fast && /usr/bin/make  -f CMakeFiles/cmTC_8a5af.dir/build.make CMakeFiles/cmTC_8a5af.dir/build
make[1]: Entering directory '/home/yu/Ros_diy/build/CMakeFiles/CMakeTmp'
Building C object CMakeFiles/cmTC_8a5af.dir/CheckFunctionExists.c.o
/usr/bin/cc   -DCHECK_FUNCTION_EXISTS=pthread_create -o CMakeFiles/cmTC_8a5af.dir/CheckFunctionExists.c.o -c /opt/cmake-3.23.0/share/cmake-3.23/Modules/CheckFunctionExists.c
Linking C executable cmTC_8a5af
/opt/cmake-3.23.0/bin/cmake -E cmake_link_script CMakeFiles/cmTC_8a5af.dir/link.txt --verbose=1
/usr/bin/cc  -DCHECK_FUNCTION_EXISTS=pthread_create -rdynamic CMakeFiles/cmTC_8a5af.dir/CheckFunctionExists.c.o -o cmTC_8a5af  -lpthreads 
/usr/bin/ld: cannot find -lpthreads
collect2: error: ld returned 1 exit status
CMakeFiles/cmTC_8a5af.dir/build.make:98: recipe for target 'cmTC_8a5af' failed
make[1]: *** [cmTC_8a5af] Error 1
make[1]: Leaving directory '/home/yu/Ros_diy/build/CMakeFiles/CMakeTmp'
Makefile:127: recipe for target 'cmTC_8a5af/fast' failed
make: *** [cmTC_8a5af/fast] Error 2
>>>>>>> cpp_py_topic_update
>>>>>>> “add_py_sub_pub”



